<?xml version="1.0" encoding="UTF-8"?>
<!-- Generated by org.testng.reporters.JUnitXMLReporter -->
<testsuite ignored="5" hostname="Clarence-Lenovo" failures="0" tests="1" name="Default test" time="2.856" errors="0" timestamp="2023-01-25T21:59:09 SGT">
  <testcase classname="com.dvops.maven.eclipse.DVOPSTest" name="checkDeleteUser" time="1.524"/>
  <testcase classname="com.dvops.maven.eclipse.DVOPSTest" name="checkLogin" time="0.0">
    <ignored/>
  </testcase> <!-- checkLogin -->
  <testcase classname="com.dvops.maven.eclipse.DVOPSTest" name="checkLogOut" time="0.0">
    <ignored/>
  </testcase> <!-- checkLogOut -->
  <testcase classname="com.dvops.maven.eclipse.DVOPSTest" name="checkUpdateUser" time="0.0">
    <ignored/>
  </testcase> <!-- checkUpdateUser -->
  <testcase classname="com.dvops.maven.eclipse.DVOPSTest" name="checkSignUp" time="0.0">
    <ignored/>
  </testcase> <!-- checkSignUp -->
  <testcase classname="com.dvops.maven.eclipse.DVOPSTest" name="checkDogDesc" time="0.0">
    <ignored/>
  </testcase> <!-- checkDogDesc -->
</testsuite> <!-- Default test -->
