<?xml version="1.0" encoding="UTF-8"?>
<!-- Generated by org.testng.reporters.JUnitXMLReporter -->
<testsuite ignored="0" hostname="LAPTOP-G4E3D97G" failures="0" tests="3" name="Default test" time="0.041" errors="0" timestamp="2023-02-02T22:00:22 SGT">
  <testcase classname="com.dvops.maven.eclipse.DogCollectionTest" name="testAddDog" time="0.003"/>
  <testcase classname="com.dvops.maven.eclipse.DogCollectionTest" name="testGetAllDog" time="0.001"/>
  <testcase classname="com.dvops.maven.eclipse.DogCollectionTest" name="testGetOneDog" time="0.001"/>
</testsuite> <!-- Default test -->
